TN:
SF:D:\Personal\Learning\Github\angular-karma-playground\karma-project\src\polyfills.ts
FNF:0
FNH:0
LF:0
LH:0
BRF:0
BRH:0
end_of_record
TN:
SF:D:\Personal\Learning\Github\angular-karma-playground\karma-project\src\test.ts
FNF:0
FNH:0
DA:13,1
DA:18,1
DA:20,1
LF:3
LH:3
BRF:0
BRH:0
end_of_record
TN:
SF:D:\Personal\Learning\Github\angular-karma-playground\karma-project\src\app\app.component.ts
FN:3,AppComponent
FNF:1
FNH:1
FNDA:2,AppComponent
DA:8,1
DA:9,2
DA:10,1
LF:3
LH:3
BRF:0
BRH:0
end_of_record
TN:
SF:D:\Personal\Learning\Github\angular-karma-playground\karma-project\src\app\notice-board\notice-board.component.ts
FN:12,NoticeBoardComponent
FN:14,(anonymous_2)
FN:16,(anonymous_3)
FNF:3
FNH:3
FNDA:9,NoticeBoardComponent
FNDA:7,(anonymous_2)
FNDA:1,(anonymous_3)
DA:8,1
DA:9,9
DA:10,9
DA:14,1
DA:16,1
DA:17,1
DA:19,1
LF:7
LH:7
BRF:0
BRH:0
end_of_record
TN:
SF:D:\Personal\Learning\Github\angular-karma-playground\karma-project\src\app\students\students.component.ts
FN:17,StudentsComponent
FN:19,(anonymous_2)
FN:21,(anonymous_3)
FN:24,(anonymous_4)
FN:30,(anonymous_5)
FN:32,(anonymous_6)
FN:36,(anonymous_7)
FN:42,(anonymous_8)
FNF:8
FNH:7
FNDA:10,StudentsComponent
FNDA:9,(anonymous_2)
FNDA:9,(anonymous_3)
FNDA:0,(anonymous_4)
FNDA:3,(anonymous_5)
FNDA:2,(anonymous_6)
FNDA:1,(anonymous_7)
FNDA:2,(anonymous_8)
DA:9,1
DA:10,10
DA:12,10
DA:16,10
DA:17,10
DA:19,9
DA:20,9
DA:22,9
DA:25,0
DA:30,3
DA:31,3
DA:33,2
DA:34,2
DA:37,1
DA:42,1
DA:43,2
DA:45,1
LF:17
LH:16
BRF:0
BRH:0
end_of_record
TN:
SF:D:\Personal\Learning\Github\angular-karma-playground\karma-project\src\app\students\students.service.mock.ts
FN:3,(anonymous_0)
FN:4,(anonymous_2)
FN:14,(anonymous_3)
FNF:3
FNH:3
FNDA:9,(anonymous_0)
FNDA:9,(anonymous_2)
FNDA:2,(anonymous_3)
DA:3,1
DA:4,1
DA:5,9
DA:14,1
DA:15,2
DA:24,1
LF:6
LH:6
BRF:0
BRH:0
end_of_record
TN:
SF:D:\Personal\Learning\Github\angular-karma-playground\karma-project\src\app\students\students.service.ts
FN:10,StudentsService
FN:12,(anonymous_2)
FN:16,(anonymous_3)
FN:18,(anonymous_4)
FN:22,(anonymous_5)
FN:28,(anonymous_6)
FN:38,(anonymous_7)
FNF:7
FNH:7
FNDA:6,StudentsService
FNDA:1,(anonymous_2)
FNDA:1,(anonymous_3)
FNDA:1,(anonymous_4)
FNDA:1,(anonymous_5)
FNDA:1,(anonymous_6)
FNDA:1,(anonymous_7)
DA:9,1
DA:10,6
DA:12,1
DA:13,1
DA:16,1
DA:17,1
DA:18,1
DA:22,1
DA:23,1
DA:24,1
DA:28,1
DA:29,1
DA:30,1
DA:31,1
DA:32,1
DA:38,1
DA:39,1
DA:44,1
LF:18
LH:18
BRF:0
BRH:0
end_of_record
